[debug] [2023-03-28T13:07:41.250Z] ----------------------------------------------------------------------
[debug] [2023-03-28T13:07:41.252Z] Command:       /usr/local/share/nvm/versions/node/v19.7.0/bin/node /home/codespace/nvm/current/bin/firebase init
[debug] [2023-03-28T13:07:41.252Z] CLI Version:   11.25.1
[debug] [2023-03-28T13:07:41.252Z] Platform:      linux
[debug] [2023-03-28T13:07:41.253Z] Node Version:  v19.7.0
[debug] [2023-03-28T13:07:41.253Z] Time:          Tue Mar 28 2023 13:07:41 GMT+0000 (Coordinated Universal Time)
[debug] [2023-03-28T13:07:41.253Z] Env Overrides: GITHUB_API_URL
[debug] [2023-03-28T13:07:41.253Z] ----------------------------------------------------------------------
[debug] 
[debug] [2023-03-28T13:07:41.263Z] > command requires scopes: ["email","openid","https://www.googleapis.com/auth/cloudplatformprojects.readonly","https://www.googleapis.com/auth/firebase","https://www.googleapis.com/auth/cloud-platform"]
[debug] [2023-03-28T13:07:41.263Z] > authorizing via signed-in user (cronoiocsl@gmail.com)
[info] 
     ######## #### ########  ######## ########     ###     ######  ########
     ##        ##  ##     ## ##       ##     ##  ##   ##  ##       ##
     ######    ##  ########  ######   ########  #########  ######  ######
     ##        ##  ##    ##  ##       ##     ## ##     ##       ## ##
     ##       #### ##     ## ######## ########  ##     ##  ######  ########

You're about to initialize a Firebase project in this directory:

  /workspaces/grup4daw2023

Before we get started, keep in mind:

  * You are currently outside your home directory

[info] 
=== Project Setup
[info] 
[info] First, let's associate this project directory with a Firebase project.
[info] You can create multiple project aliases by running firebase use --add, 
[info] but for now we'll just set up a default project.
[info] 
[debug] [2023-03-28T13:07:57.922Z] >>> [apiv2][query] GET https://firebase.googleapis.com/v1beta1/projects pageSize=100
[debug] [2023-03-28T13:07:58.355Z] <<< [apiv2][status] GET https://firebase.googleapis.com/v1beta1/projects 200
[debug] [2023-03-28T13:07:58.355Z] <<< [apiv2][body] GET https://firebase.googleapis.com/v1beta1/projects [omitted]
[info] i  Using project cronoescape-ioc (CronoEscape) 
[info] 
=== Hosting Setup
[info] 
[info] Your public directory is the folder (relative to your project directory) that
[info] will contain Hosting assets to be uploaded with firebase deploy. If you
[info] have a build process for your assets, use your build's output directory.
[info] 
[info] ✔  Wrote CronoEscape/404.html 
[debug] [2023-03-28T13:08:50.763Z] >>> [apiv2][query] GET https://www.gstatic.com/firebasejs/releases.json [none]
[debug] [2023-03-28T13:08:50.808Z] <<< [apiv2][status] GET https://www.gstatic.com/firebasejs/releases.json 200
[debug] [2023-03-28T13:08:50.808Z] <<< [apiv2][body] GET https://www.gstatic.com/firebasejs/releases.json {"current":{"version":"9.18.0","browserURL":"https://www.gstatic.com/firebasejs/9.18.0/firebase.js","packageURL":"https://www.gstatic.com/firebasejs/9.18.0/firebase.tgz"},"live":{"version":"9.18","browserURL":"https://www.gstatic.com/firebasejs/live/9.18/firebase.js","packageURL":"https://www.gstatic.com/firebasejs/live/9.18/firebase.tgz"},"components":{"analytics":"https://www.gstatic.com/firebasejs/9.18.0/firebase-analytics.js","app":"https://www.gstatic.com/firebasejs/9.18.0/firebase-app.js","app-check":"https://www.gstatic.com/firebasejs/9.18.0/firebase-app-check.js","auth":"https://www.gstatic.com/firebasejs/9.18.0/firebase-auth.js","auth/cordova":"https://www.gstatic.com/firebasejs/9.18.0/firebase-auth/cordova.js","auth/react-native":"https://www.gstatic.com/firebasejs/9.18.0/firebase-auth/react-native.js","functions":"https://www.gstatic.com/firebasejs/9.18.0/firebase-functions.js","firestore":"https://www.gstatic.com/firebasejs/9.18.0/firebase-firestore.js","firestore/lite":"https://www.gstatic.com/firebasejs/9.18.0/firebase-firestore/lite.js","installations":"https://www.gstatic.com/firebasejs/9.18.0/firebase-installations.js","storage":"https://www.gstatic.com/firebasejs/9.18.0/firebase-storage.js","performance":"https://www.gstatic.com/firebasejs/9.18.0/firebase-performance.js","remote-config":"https://www.gstatic.com/firebasejs/9.18.0/firebase-remote-config.js","messaging":"https://www.gstatic.com/firebasejs/9.18.0/firebase-messaging.js","messaging/sw":"https://www.gstatic.com/firebasejs/9.18.0/firebase-messaging/sw.js","database":"https://www.gstatic.com/firebasejs/9.18.0/firebase-database.js","firestore.memory":"https://www.gstatic.com/firebasejs/9.18.0/firebase-firestore.memory.js"}}
[info] i  Skipping write of CronoEscape/index.html 
[info] 
[info] i  Detected a .git folder at /workspaces/grup4daw2023 
[info] i  Authorizing with GitHub to upload your service account to a GitHub repository's secrets store. 
[info] 
[info] Visit this URL on this device to log in:
[info] https://github.com/login/oauth/authorize?client_id=89cf50f02ac6aaed3484&state=564902801&redirect_uri=http%3A%2F%2Flocalhost%3A9005&scope=read%3Auser%20repo%20public_repo
[info] 
[info] Waiting for authentication...
[debug] [2023-03-28T13:09:48.789Z] >>> [apiv2][query] POST https://github.com/login/oauth/access_token [none]
[debug] [2023-03-28T13:09:48.789Z] >>> [apiv2][body] POST https://github.com/login/oauth/access_token [stream]
[debug] [2023-03-28T13:09:49.058Z] <<< [apiv2][status] POST https://github.com/login/oauth/access_token 200
[debug] [2023-03-28T13:09:49.058Z] <<< [apiv2][body] POST https://github.com/login/oauth/access_token {"access_token":"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","token_type":"bearer","scope":"read:user,repo"}
[debug] [2023-03-28T13:09:49.063Z] >>> [apiv2][query] GET https://api.github.com/user [none]
[debug] [2023-03-28T13:09:49.317Z] <<< [apiv2][status] GET https://api.github.com/user 200
[debug] [2023-03-28T13:09:49.317Z] <<< [apiv2][body] GET https://api.github.com/user {"login":"eydan89","id":33639771,"node_id":"MDQ6VXNlcjMzNjM5Nzcx","avatar_url":"https://avatars.githubusercontent.com/u/33639771?v=4","gravatar_id":"","url":"https://api.github.com/users/eydan89","html_url":"https://github.com/eydan89","followers_url":"https://api.github.com/users/eydan89/followers","following_url":"https://api.github.com/users/eydan89/following{/other_user}","gists_url":"https://api.github.com/users/eydan89/gists{/gist_id}","starred_url":"https://api.github.com/users/eydan89/starred{/owner}{/repo}","subscriptions_url":"https://api.github.com/users/eydan89/subscriptions","organizations_url":"https://api.github.com/users/eydan89/orgs","repos_url":"https://api.github.com/users/eydan89/repos","events_url":"https://api.github.com/users/eydan89/events{/privacy}","received_events_url":"https://api.github.com/users/eydan89/received_events","type":"User","site_admin":false,"name":"Daniel Romero Jimenez","company":null,"blog":"","location":null,"email":"daromero1989@gmail.com","hireable":null,"bio":null,"twitter_username":null,"public_repos":1,"public_gists":0,"followers":0,"following":1,"created_at":"2017-11-13T21:20:14Z","updated_at":"2023-03-27T13:00:28Z","private_gists":0,"total_private_repos":0,"owned_private_repos":0,"disk_usage":1,"collaborators":0,"two_factor_authentication":false,"plan":{"name":"pro","space":976562499,"collaborators":0,"private_repos":9999}}
[info] 
[info] ✔  Success! Logged into GitHub as eydan89 
[info] 
